0000000000000000 T __code_start
0000000000000000 R __rodata_start
0000000000000000 A __start__
0000000000000010 R __eh_frame_hdr_end
0000000000000010 R __eh_frame_hdr_start
0000000000000010 a _DYNAMIC
0000000000001000 R __data_start
0000000000001000 D __got_start__
0000000000001000 D __tdata_lma
0000000000001000 D __tdata_lma_end
0000000000001000 a _GLOBAL_OFFSET_TABLE_
0000000000001020 D __got_end__
0000000000001020 D course
000000000000103e D _start
0000000000001046 d __nx_mod0
0000000000011062 D __bss_start__
0000000000011068 00000000000000d0 B __nx_module_runtime
0000000000011138 B __bss_end__
0000000000011138 A __end__
0000000000011138 B __tls_end
0000000000011138 B __tls_start
0000000000012000 A __argdata__
